Determining if the pthread_create exist failed with the following output:
Change Dir: /home/alvaro/gazebo_ros_ws/src/ros_gazebo_v1/build/CMakeFiles/CMakeTmp

Run Build Command:"/usr/bin/make" "cmTC_0c41f/fast"
/usr/bin/make -f CMakeFiles/cmTC_0c41f.dir/build.make CMakeFiles/cmTC_0c41f.dir/build
make[1]: se entra en el directorio '/home/alvaro/gazebo_ros_ws/src/ros_gazebo_v1/build/CMakeFiles/CMakeTmp'
Building C object CMakeFiles/cmTC_0c41f.dir/CheckSymbolExists.c.o
/usr/bin/cc    -o CMakeFiles/cmTC_0c41f.dir/CheckSymbolExists.c.o   -c /home/alvaro/gazebo_ros_ws/src/ros_gazebo_v1/build/CMakeFiles/CMakeTmp/CheckSymbolExists.c
Linking C executable cmTC_0c41f
/usr/bin/cmake -E cmake_link_script CMakeFiles/cmTC_0c41f.dir/link.txt --verbose=1
/usr/bin/cc      -rdynamic CMakeFiles/cmTC_0c41f.dir/CheckSymbolExists.c.o  -o cmTC_0c41f 
CMakeFiles/cmTC_0c41f.dir/CheckSymbolExists.c.o: En la función `main':
CheckSymbolExists.c:(.text+0x1b): referencia a `pthread_create' sin definir
collect2: error: ld returned 1 exit status
CMakeFiles/cmTC_0c41f.dir/build.make:97: recipe for target 'cmTC_0c41f' failed
make[1]: *** [cmTC_0c41f] Error 1
make[1]: se sale del directorio '/home/alvaro/gazebo_ros_ws/src/ros_gazebo_v1/build/CMakeFiles/CMakeTmp'
Makefile:126: recipe for target 'cmTC_0c41f/fast' failed
make: *** [cmTC_0c41f/fast] Error 2

File /home/alvaro/gazebo_ros_ws/src/ros_gazebo_v1/build/CMakeFiles/CMakeTmp/CheckSymbolExists.c:
/* */
#include <pthread.h>

int main(int argc, char** argv)
{
  (void)argv;
#ifndef pthread_create
  return ((int*)(&pthread_create))[argc];
#else
  (void)argc;
  return 0;
#endif
}

Determining if the function pthread_create exists in the pthreads failed with the following output:
Change Dir: /home/alvaro/gazebo_ros_ws/src/ros_gazebo_v1/build/CMakeFiles/CMakeTmp

Run Build Command:"/usr/bin/make" "cmTC_dc0f7/fast"
/usr/bin/make -f CMakeFiles/cmTC_dc0f7.dir/build.make CMakeFiles/cmTC_dc0f7.dir/build
make[1]: se entra en el directorio '/home/alvaro/gazebo_ros_ws/src/ros_gazebo_v1/build/CMakeFiles/CMakeTmp'
Building C object CMakeFiles/cmTC_dc0f7.dir/CheckFunctionExists.c.o
/usr/bin/cc   -DCHECK_FUNCTION_EXISTS=pthread_create   -o CMakeFiles/cmTC_dc0f7.dir/CheckFunctionExists.c.o   -c /usr/share/cmake-3.10/Modules/CheckFunctionExists.c
Linking C executable cmTC_dc0f7
/usr/bin/cmake -E cmake_link_script CMakeFiles/cmTC_dc0f7.dir/link.txt --verbose=1
/usr/bin/cc  -DCHECK_FUNCTION_EXISTS=pthread_create    -rdynamic CMakeFiles/cmTC_dc0f7.dir/CheckFunctionExists.c.o  -o cmTC_dc0f7 -lpthreads 
/usr/bin/ld: no se puede encontrar -lpthreads
collect2: error: ld returned 1 exit status
CMakeFiles/cmTC_dc0f7.dir/build.make:97: recipe for target 'cmTC_dc0f7' failed
make[1]: *** [cmTC_dc0f7] Error 1
make[1]: se sale del directorio '/home/alvaro/gazebo_ros_ws/src/ros_gazebo_v1/build/CMakeFiles/CMakeTmp'
Makefile:126: recipe for target 'cmTC_dc0f7/fast' failed
make: *** [cmTC_dc0f7/fast] Error 2


